2016-11-30 20:20:46|INFO |request |0:0:0:0:0:0:0:1|<request><authorization><name>Yuri</name><hashPass>12345</hashPass></authorization></request>
2016-11-30 20:20:47|INFO |HCANN000001: Hibernate Commons Annotations {4.0.5.Final}
2016-11-30 20:20:47|INFO |HHH000412: Hibernate Core {4.3.10.Final}
2016-11-30 20:20:47|INFO |HHH000206: hibernate.properties not found
2016-11-30 20:20:47|INFO |HHH000021: Bytecode provider name : javassist
2016-11-30 20:20:47|INFO |HHH000043: Configuring from resource: hibernate.cfg.xml
2016-11-30 20:20:47|INFO |HHH000040: Configuration resource: hibernate.cfg.xml
2016-11-30 20:20:47|WARN |HHH000223: Recognized obsolete hibernate namespace http://hibernate.sourceforge.net/. Use namespace http://www.hibernate.org/dtd/ instead. Refer to Hibernate 3.6 Migration Guide!
2016-11-30 20:20:47|INFO |HHH000041: Configured SessionFactory: null
2016-11-30 20:20:48|WARN |HHH000402: Using Hibernate built-in connection pool (not for production use!)
2016-11-30 20:20:48|INFO |HHH000401: using driver [com.mysql.jdbc.Driver] at URL [jdbc:mysql://localhost:3306/webservicetaskmanager?zeroDateTimeBehavior=convertToNull]
2016-11-30 20:20:48|INFO |HHH000046: Connection properties: {user=root, password=****}
2016-11-30 20:20:48|INFO |HHH000006: Autocommit mode: false
2016-11-30 20:20:48|INFO |HHH000115: Hibernate connection pool size: 20 (min=1)
2016-11-30 20:20:48|INFO |HHH000400: Using dialect: org.hibernate.dialect.MySQLDialect
2016-11-30 20:20:49|INFO |HHH000399: Using default transaction strategy (direct JDBC transactions)
2016-11-30 20:20:49|INFO |HHH000397: Using ASTQueryTranslatorFactory
2016-11-30 20:20:49|INFO |HV000001: Hibernate Validator 4.3.1.Final
2016-11-30 20:20:50|INFO |HHH000228: Running hbm2ddl schema update
2016-11-30 20:20:50|INFO |HHH000102: Fetching database metadata
2016-11-30 20:20:50|INFO |HHH000396: Updating schema
2016-11-30 20:20:50|INFO |HHH000261: Table found: webservicetaskmanager.user
2016-11-30 20:20:50|INFO |HHH000037: Columns: [mail, dateregistration, name, id, confirmation, hashpass]
2016-11-30 20:20:50|INFO |HHH000108: Foreign keys: []
2016-11-30 20:20:50|INFO |HHH000126: Indexes: [primary]
2016-11-30 20:20:50|INFO |HHH000261: Table found: webservicetaskmanager.acount
2016-11-30 20:20:50|INFO |HHH000037: Columns: [annitation, user_id, name, id]
2016-11-30 20:20:50|INFO |HHH000108: Foreign keys: [fk_e57un1oftohad5mkh5nclybmf]
2016-11-30 20:20:50|INFO |HHH000126: Indexes: [fk_e57un1oftohad5mkh5nclybmf, primary]
2016-11-30 20:20:50|INFO |HHH000261: Table found: webservicetaskmanager.fixing_acount
2016-11-30 20:20:50|INFO |HHH000037: Columns: [date, user_id, id]
2016-11-30 20:20:51|INFO |HHH000108: Foreign keys: [fk_t4kybkkecx9mk2we1h72r4iww]
2016-11-30 20:20:51|INFO |HHH000126: Indexes: [fk_t4kybkkecx9mk2we1h72r4iww, primary]
2016-11-30 20:20:51|INFO |HHH000261: Table found: webservicetaskmanager.fixing_hash_acount
2016-11-30 20:20:51|INFO |HHH000037: Columns: [id, value, acount_id, fixing_acout_id]
2016-11-30 20:20:51|INFO |HHH000108: Foreign keys: [fk_26e396o8t0bshlgwsldpikq37, fk_ltlj0n2ot83vfgxoggtx5rxem]
2016-11-30 20:20:51|INFO |HHH000126: Indexes: [fk_26e396o8t0bshlgwsldpikq37, fk_ltlj0n2ot83vfgxoggtx5rxem, primary]
2016-11-30 20:20:51|INFO |HHH000261: Table found: webservicetaskmanager.goal
2016-11-30 20:20:51|INFO |HHH000037: Columns: [annotation, enddate, user_id, name, id, state, startdate]
2016-11-30 20:20:51|INFO |HHH000108: Foreign keys: [fk_7b7j83l6dquot72lsg25y8323]
2016-11-30 20:20:51|INFO |HHH000126: Indexes: [fk_7b7j83l6dquot72lsg25y8323, primary]
2016-11-30 20:20:51|INFO |HHH000261: Table found: webservicetaskmanager.item_goal_plan
2016-11-30 20:20:51|INFO |HHH000037: Columns: [end_date, anotation, goal_id, name, id, acount_id, start_date]
2016-11-30 20:20:51|INFO |HHH000108: Foreign keys: [fk_bfacaqha2kfjqrwg6o08m8mre, fk_b4gdxpqap53w6ngdxwru48ahh]
2016-11-30 20:20:51|INFO |HHH000126: Indexes: [fk_bfacaqha2kfjqrwg6o08m8mre, fk_b4gdxpqap53w6ngdxwru48ahh, primary]
2016-11-30 20:20:51|INFO |HHH000261: Table found: webservicetaskmanager.item_plan_to_day
2016-11-30 20:20:51|INFO |HHH000037: Columns: [anotation, plan_to_day_id, time_notifice, name, item_goal_plan_id, id, status]
2016-11-30 20:20:51|INFO |HHH000108: Foreign keys: [fk_5sce36yuykcr4gdv33elbovvs, fk_heohxmesm3ou68j85wfla5xtn]
2016-11-30 20:20:51|INFO |HHH000126: Indexes: [fk_5sce36yuykcr4gdv33elbovvs, fk_heohxmesm3ou68j85wfla5xtn, primary]
2016-11-30 20:20:51|INFO |HHH000261: Table found: webservicetaskmanager.plan_to_day
2016-11-30 20:20:51|INFO |HHH000037: Columns: [date, user_id, id]
2016-11-30 20:20:51|INFO |HHH000108: Foreign keys: [fk_2fcaxdfpxb6300y9b0sqmyf4h]
2016-11-30 20:20:51|INFO |HHH000126: Indexes: [fk_2fcaxdfpxb6300y9b0sqmyf4h, primary]
2016-11-30 20:20:51|INFO |HHH000232: Schema update complete
2016-11-30 20:20:51|INFO |responce|0:0:0:0:0:0:0:1|<responce><authorization><sessionId>705a6c3afc00ef7651f8957916ae4b60</sessionId></authorization></responce>
2016-11-30 20:20:51|INFO |request |0:0:0:0:0:0:0:1|<request><userState><sessionId>705a6c3afc00ef7651f8957916ae4b60</sessionId></userState></request>
2016-11-30 20:20:51|INFO |responce|0:0:0:0:0:0:0:1|<responce><userState><login>Yuri</login><dataRegistration>30.11.2016</dataRegistration><warnings><warning><content>????????? ????????????, ??? ????????? ? ??????????? ?????????? ?????????????? ????????. ?????? ??????????????? ??????????? ???? ???????? ??????.</content><title>????????????? ????????? ??????.</title></warning></warnings><countMessage>2</countMessage></userState></responce>
2016-11-30 20:20:51|INFO |request |0:0:0:0:0:0:0:1|<request><palnToDay><sessionId>705a6c3afc00ef7651f8957916ae4b60</sessionId></palnToDay></request>
2016-11-30 20:20:51|INFO |responce|0:0:0:0:0:0:0:1|<responce></responce>
2016-11-30 20:20:58|INFO |request |0:0:0:0:0:0:0:1|<request><userGoals><sessionId>705a6c3afc00ef7651f8957916ae4b60</sessionId></userGoals></request>
2016-11-30 20:20:58|INFO |responce|0:0:0:0:0:0:0:1|<responce><userGoals><goal><id>10</id><name>My Goal 1</name><annotation>Annotation goal 1</annotation><beginDate>11/01/2016</beginDate><endDate>11/30/2016</endDate><state>?? ?????</state></goal><goal><id>11</id><name>jlk,</name><annotation>yiuonk;m</annotation><beginDate>11/09/2016</beginDate><endDate>11/23/2016</endDate><state>?? ?????</state></goal></userGoals></responce>
2016-11-30 20:21:37|INFO |request |0:0:0:0:0:0:0:1|<request><palnToDay><sessionId>705a6c3afc00ef7651f8957916ae4b60</sessionId></palnToDay></request>
2016-11-30 20:21:37|INFO |responce|0:0:0:0:0:0:0:1|<responce></responce>
2016-11-30 20:21:40|INFO |request |0:0:0:0:0:0:0:1|<request><userGoals><sessionId>705a6c3afc00ef7651f8957916ae4b60</sessionId></userGoals></request>
2016-11-30 20:21:40|INFO |responce|0:0:0:0:0:0:0:1|<responce><userGoals><goal><id>10</id><name>My Goal 1</name><annotation>Annotation goal 1</annotation><beginDate>11/01/2016</beginDate><endDate>11/30/2016</endDate><state>?? ?????</state></goal><goal><id>11</id><name>jlk,</name><annotation>yiuonk;m</annotation><beginDate>11/09/2016</beginDate><endDate>11/23/2016</endDate><state>?? ?????</state></goal></userGoals></responce>
2016-11-30 20:21:54|INFO |request |0:0:0:0:0:0:0:1|<request><palnToDay><sessionId>705a6c3afc00ef7651f8957916ae4b60</sessionId></palnToDay></request>
2016-11-30 20:21:54|INFO |responce|0:0:0:0:0:0:0:1|<responce></responce>
2016-11-30 20:21:55|INFO |request |0:0:0:0:0:0:0:1|<request><userGoals><sessionId>705a6c3afc00ef7651f8957916ae4b60</sessionId></userGoals></request>
2016-11-30 20:21:55|INFO |responce|0:0:0:0:0:0:0:1|<responce><userGoals><goal><id>10</id><name>My Goal 1</name><annotation>Annotation goal 1</annotation><beginDate>11/01/2016</beginDate><endDate>11/30/2016</endDate><state>?? ?????</state></goal><goal><id>11</id><name>jlk,</name><annotation>yiuonk;m</annotation><beginDate>11/09/2016</beginDate><endDate>11/23/2016</endDate><state>?? ?????</state></goal></userGoals></responce>
2016-11-30 20:42:11|INFO |request |0:0:0:0:0:0:0:1|<request><palnToDay><sessionId>705a6c3afc00ef7651f8957916ae4b60</sessionId></palnToDay></request>
2016-11-30 20:42:11|INFO |responce|0:0:0:0:0:0:0:1|<responce></responce>
2016-11-30 20:42:13|INFO |request |0:0:0:0:0:0:0:1|<request><userGoals><sessionId>705a6c3afc00ef7651f8957916ae4b60</sessionId></userGoals></request>
2016-11-30 20:42:13|INFO |responce|0:0:0:0:0:0:0:1|<responce><userGoals><goal><id>10</id><name>My Goal 1</name><annotation>Annotation goal 1</annotation><beginDate>11/01/2016</beginDate><endDate>11/30/2016</endDate><state>?? ?????</state></goal><goal><id>11</id><name>jlk,</name><annotation>yiuonk;m</annotation><beginDate>11/09/2016</beginDate><endDate>11/23/2016</endDate><state>?? ?????</state></goal></userGoals></responce>
2016-11-30 20:42:24|INFO |request |0:0:0:0:0:0:0:1|<request><palnToDay><sessionId>705a6c3afc00ef7651f8957916ae4b60</sessionId></palnToDay></request>
2016-11-30 20:42:24|INFO |responce|0:0:0:0:0:0:0:1|<responce></responce>
2016-11-30 20:42:25|INFO |request |0:0:0:0:0:0:0:1|<request><userGoals><sessionId>705a6c3afc00ef7651f8957916ae4b60</sessionId></userGoals></request>
2016-11-30 20:42:25|INFO |responce|0:0:0:0:0:0:0:1|<responce><userGoals><goal><id>10</id><name>My Goal 1</name><annotation>Annotation goal 1</annotation><beginDate>11/01/2016</beginDate><endDate>11/30/2016</endDate><state>?? ?????</state></goal><goal><id>11</id><name>jlk,</name><annotation>yiuonk;m</annotation><beginDate>11/09/2016</beginDate><endDate>11/23/2016</endDate><state>?? ?????</state></goal></userGoals></responce>
2016-11-30 20:42:32|INFO |request |0:0:0:0:0:0:0:1|<request><userState><sessionId>705a6c3afc00ef7651f8957916ae4b60</sessionId></userState></request>
2016-11-30 20:42:32|INFO |responce|0:0:0:0:0:0:0:1|<responce><userState><login>Yuri</login><dataRegistration>30.11.2016</dataRegistration><warnings><warning><content>????????? ????????????, ??? ????????? ? ??????????? ?????????? ?????????????? ????????. ?????? ??????????????? ??????????? ???? ???????? ??????.</content><title>????????????? ????????? ??????.</title></warning></warnings><countMessage>2</countMessage></userState></responce>
2016-11-30 20:42:32|INFO |request |0:0:0:0:0:0:0:1|<request><palnToDay><sessionId>705a6c3afc00ef7651f8957916ae4b60</sessionId></palnToDay></request>
2016-11-30 20:42:32|INFO |responce|0:0:0:0:0:0:0:1|<responce></responce>
2016-11-30 20:56:06|INFO |request |0:0:0:0:0:0:0:1|<request><userGoals><sessionId>705a6c3afc00ef7651f8957916ae4b60</sessionId></userGoals></request>
2016-11-30 20:56:07|INFO |responce|0:0:0:0:0:0:0:1|<responce><userGoals><goal><id>10</id><name>My Goal 1</name><annotation>Annotation goal 1</annotation><beginDate>11/01/2016</beginDate><endDate>11/30/2016</endDate><state>?? ?????</state></goal><goal><id>11</id><name>jlk,</name><annotation>yiuonk;m</annotation><beginDate>11/09/2016</beginDate><endDate>11/23/2016</endDate><state>?? ?????</state></goal></userGoals></responce>
2016-11-30 20:56:12|INFO |request |0:0:0:0:0:0:0:1|<request><userState><sessionId>705a6c3afc00ef7651f8957916ae4b60</sessionId></userState></request>
2016-11-30 20:56:12|INFO |responce|0:0:0:0:0:0:0:1|<responce><userState><login>Yuri</login><dataRegistration>30.11.2016</dataRegistration><warnings><warning><content>????????? ????????????, ??? ????????? ? ??????????? ?????????? ?????????????? ????????. ?????? ??????????????? ??????????? ???? ???????? ??????.</content><title>????????????? ????????? ??????.</title></warning></warnings><countMessage>2</countMessage></userState></responce>
2016-11-30 20:56:12|INFO |request |0:0:0:0:0:0:0:1|<request><palnToDay><sessionId>705a6c3afc00ef7651f8957916ae4b60</sessionId></palnToDay></request>
2016-11-30 20:56:12|INFO |responce|0:0:0:0:0:0:0:1|<responce></responce>
2016-11-30 20:59:15|INFO |request |0:0:0:0:0:0:0:1|<request><userGoals><sessionId>705a6c3afc00ef7651f8957916ae4b60</sessionId></userGoals></request>
2016-11-30 20:59:15|INFO |responce|0:0:0:0:0:0:0:1|<responce><userGoals><goal><id>10</id><name>My Goal 1</name><annotation>Annotation goal 1</annotation><beginDate>11/01/2016</beginDate><endDate>11/30/2016</endDate><state>?? ?????</state></goal><goal><id>11</id><name>jlk,</name><annotation>yiuonk;m</annotation><beginDate>11/09/2016</beginDate><endDate>11/23/2016</endDate><state>?? ?????</state></goal></userGoals></responce>
2016-11-30 20:59:16|INFO |request |0:0:0:0:0:0:0:1|<request><palnToDay><sessionId>705a6c3afc00ef7651f8957916ae4b60</sessionId></palnToDay></request>
2016-11-30 20:59:16|INFO |responce|0:0:0:0:0:0:0:1|<responce></responce>
2016-11-30 20:59:17|INFO |request |0:0:0:0:0:0:0:1|<request><userGoals><sessionId>705a6c3afc00ef7651f8957916ae4b60</sessionId></userGoals></request>
2016-11-30 20:59:17|INFO |responce|0:0:0:0:0:0:0:1|<responce><userGoals><goal><id>10</id><name>My Goal 1</name><annotation>Annotation goal 1</annotation><beginDate>11/01/2016</beginDate><endDate>11/30/2016</endDate><state>?? ?????</state></goal><goal><id>11</id><name>jlk,</name><annotation>yiuonk;m</annotation><beginDate>11/09/2016</beginDate><endDate>11/23/2016</endDate><state>?? ?????</state></goal></userGoals></responce>
2016-11-30 20:59:18|INFO |request |0:0:0:0:0:0:0:1|<request><userGoals><sessionId>705a6c3afc00ef7651f8957916ae4b60</sessionId></userGoals></request>
2016-11-30 20:59:18|INFO |responce|0:0:0:0:0:0:0:1|<responce><userGoals><goal><id>10</id><name>My Goal 1</name><annotation>Annotation goal 1</annotation><beginDate>11/01/2016</beginDate><endDate>11/30/2016</endDate><state>?? ?????</state></goal><goal><id>11</id><name>jlk,</name><annotation>yiuonk;m</annotation><beginDate>11/09/2016</beginDate><endDate>11/23/2016</endDate><state>?? ?????</state></goal></userGoals></responce>
2016-11-30 20:59:18|INFO |request |0:0:0:0:0:0:0:1|<request><palnToDay><sessionId>705a6c3afc00ef7651f8957916ae4b60</sessionId></palnToDay></request>
2016-11-30 20:59:18|INFO |responce|0:0:0:0:0:0:0:1|<responce></responce>
2016-11-30 20:59:19|INFO |request |0:0:0:0:0:0:0:1|<request><userGoals><sessionId>705a6c3afc00ef7651f8957916ae4b60</sessionId></userGoals></request>
2016-11-30 20:59:19|INFO |responce|0:0:0:0:0:0:0:1|<responce><userGoals><goal><id>10</id><name>My Goal 1</name><annotation>Annotation goal 1</annotation><beginDate>11/01/2016</beginDate><endDate>11/30/2016</endDate><state>?? ?????</state></goal><goal><id>11</id><name>jlk,</name><annotation>yiuonk;m</annotation><beginDate>11/09/2016</beginDate><endDate>11/23/2016</endDate><state>?? ?????</state></goal></userGoals></responce>
2016-11-30 21:00:10|INFO |request |0:0:0:0:0:0:0:1|<request><palnToDay><sessionId>705a6c3afc00ef7651f8957916ae4b60</sessionId></palnToDay></request>
2016-11-30 21:00:10|INFO |responce|0:0:0:0:0:0:0:1|<responce></responce>
2016-11-30 21:00:13|INFO |request |0:0:0:0:0:0:0:1|<request><userGoals><sessionId>705a6c3afc00ef7651f8957916ae4b60</sessionId></userGoals></request>
2016-11-30 21:00:13|INFO |responce|0:0:0:0:0:0:0:1|<responce><userGoals><goal><id>10</id><name>My Goal 1</name><annotation>Annotation goal 1</annotation><beginDate>11/01/2016</beginDate><endDate>11/30/2016</endDate><state>?? ?????</state></goal><goal><id>11</id><name>jlk,</name><annotation>yiuonk;m</annotation><beginDate>11/09/2016</beginDate><endDate>11/23/2016</endDate><state>?? ?????</state></goal></userGoals></responce>
2016-11-30 21:00:15|INFO |request |0:0:0:0:0:0:0:1|<request><palnToDay><sessionId>705a6c3afc00ef7651f8957916ae4b60</sessionId></palnToDay></request>
2016-11-30 21:00:15|INFO |responce|0:0:0:0:0:0:0:1|<responce></responce>
2016-11-30 21:00:22|INFO |request |0:0:0:0:0:0:0:1|<request><userGoals><sessionId>705a6c3afc00ef7651f8957916ae4b60</sessionId></userGoals></request>
2016-11-30 21:00:23|INFO |responce|0:0:0:0:0:0:0:1|<responce><userGoals><goal><id>10</id><name>My Goal 1</name><annotation>Annotation goal 1</annotation><beginDate>11/01/2016</beginDate><endDate>11/30/2016</endDate><state>?? ?????</state></goal><goal><id>11</id><name>jlk,</name><annotation>yiuonk;m</annotation><beginDate>11/09/2016</beginDate><endDate>11/23/2016</endDate><state>?? ?????</state></goal></userGoals></responce>
2016-11-30 21:00:52|INFO |request |0:0:0:0:0:0:0:1|<request><userGoals><sessionId>705a6c3afc00ef7651f8957916ae4b60</sessionId></userGoals></request>
2016-11-30 21:00:52|INFO |responce|0:0:0:0:0:0:0:1|<responce><userGoals><goal><id>10</id><name>My Goal 1</name><annotation>Annotation goal 1</annotation><beginDate>11/01/2016</beginDate><endDate>11/30/2016</endDate><state>?? ?????</state></goal><goal><id>11</id><name>jlk,</name><annotation>yiuonk;m</annotation><beginDate>11/09/2016</beginDate><endDate>11/23/2016</endDate><state>?? ?????</state></goal></userGoals></responce>
2016-11-30 21:22:36|INFO |request |0:0:0:0:0:0:0:1|<request><userGoals><sessionId>705a6c3afc00ef7651f8957916ae4b60</sessionId></userGoals></request>
2016-11-30 21:22:36|INFO |responce|0:0:0:0:0:0:0:1|<responce><userGoals><goal><id>10</id><name>My Goal 1</name><annotation>Annotation goal 1</annotation><beginDate>11/01/2016</beginDate><endDate>11/30/2016</endDate><state>?? ?????</state></goal><goal><id>11</id><name>jlk,</name><annotation>yiuonk;m</annotation><beginDate>11/09/2016</beginDate><endDate>11/23/2016</endDate><state>?? ?????</state></goal></userGoals></responce>
2016-11-30 23:15:29|INFO |request |0:0:0:0:0:0:0:1|<request><palnToDay><sessionId>705a6c3afc00ef7651f8957916ae4b60</sessionId></palnToDay></request>
2016-11-30 23:15:29|INFO |responce|0:0:0:0:0:0:0:1|<responce></responce>
2016-12-01 22:13:15|INFO |request |0:0:0:0:0:0:0:1|<request><authorization><name>Yuri</name><hashPass>12345</hashPass></authorization></request>
2016-12-01 22:13:16|INFO |HCANN000001: Hibernate Commons Annotations {4.0.5.Final}
2016-12-01 22:13:16|INFO |HHH000412: Hibernate Core {4.3.10.Final}
2016-12-01 22:13:16|INFO |HHH000206: hibernate.properties not found
2016-12-01 22:13:16|INFO |HHH000021: Bytecode provider name : javassist
2016-12-01 22:13:16|INFO |HHH000043: Configuring from resource: hibernate.cfg.xml
2016-12-01 22:13:16|INFO |HHH000040: Configuration resource: hibernate.cfg.xml
2016-12-01 22:13:17|WARN |HHH000223: Recognized obsolete hibernate namespace http://hibernate.sourceforge.net/. Use namespace http://www.hibernate.org/dtd/ instead. Refer to Hibernate 3.6 Migration Guide!
2016-12-01 22:13:17|INFO |HHH000041: Configured SessionFactory: null
2016-12-01 22:13:17|WARN |HHH000402: Using Hibernate built-in connection pool (not for production use!)
2016-12-01 22:13:17|INFO |HHH000401: using driver [com.mysql.jdbc.Driver] at URL [jdbc:mysql://localhost:3306/webservicetaskmanager?zeroDateTimeBehavior=convertToNull]
2016-12-01 22:13:17|INFO |HHH000046: Connection properties: {user=root, password=****}
2016-12-01 22:13:17|INFO |HHH000006: Autocommit mode: false
2016-12-01 22:13:17|INFO |HHH000115: Hibernate connection pool size: 20 (min=1)
2016-12-01 22:13:18|INFO |HHH000400: Using dialect: org.hibernate.dialect.MySQLDialect
2016-12-01 22:13:19|INFO |HHH000399: Using default transaction strategy (direct JDBC transactions)
2016-12-01 22:13:19|INFO |HHH000397: Using ASTQueryTranslatorFactory
2016-12-01 22:13:19|INFO |HV000001: Hibernate Validator 4.3.1.Final
2016-12-01 22:13:21|INFO |HHH000228: Running hbm2ddl schema update
2016-12-01 22:13:21|INFO |HHH000102: Fetching database metadata
2016-12-01 22:13:21|INFO |HHH000396: Updating schema
2016-12-01 22:13:21|INFO |HHH000261: Table found: webservicetaskmanager.user
2016-12-01 22:13:21|INFO |HHH000037: Columns: [mail, dateregistration, name, id, confirmation, hashpass]
2016-12-01 22:13:21|INFO |HHH000108: Foreign keys: []
2016-12-01 22:13:21|INFO |HHH000126: Indexes: [primary]
2016-12-01 22:13:21|INFO |HHH000261: Table found: webservicetaskmanager.acount
2016-12-01 22:13:21|INFO |HHH000037: Columns: [annitation, user_id, name, id]
2016-12-01 22:13:21|INFO |HHH000108: Foreign keys: [fk_e57un1oftohad5mkh5nclybmf]
2016-12-01 22:13:21|INFO |HHH000126: Indexes: [fk_e57un1oftohad5mkh5nclybmf, primary]
2016-12-01 22:13:21|INFO |request |0:0:0:0:0:0:0:1|<request><authorization><name>Yuri</name><hashPass>12345</hashPass></authorization></request>
2016-12-01 22:13:21|INFO |HHH000261: Table found: webservicetaskmanager.fixing_acount
2016-12-01 22:13:21|INFO |HHH000037: Columns: [date, user_id, id]
2016-12-01 22:13:21|INFO |HHH000108: Foreign keys: [fk_t4kybkkecx9mk2we1h72r4iww]
2016-12-01 22:13:21|INFO |HHH000126: Indexes: [fk_t4kybkkecx9mk2we1h72r4iww, primary]
2016-12-01 22:13:22|INFO |HHH000261: Table found: webservicetaskmanager.fixing_hash_acount
2016-12-01 22:13:22|INFO |HHH000037: Columns: [id, value, acount_id, fixing_acout_id]
2016-12-01 22:13:22|INFO |HHH000108: Foreign keys: [fk_26e396o8t0bshlgwsldpikq37, fk_ltlj0n2ot83vfgxoggtx5rxem]
2016-12-01 22:13:22|INFO |HHH000126: Indexes: [fk_26e396o8t0bshlgwsldpikq37, fk_ltlj0n2ot83vfgxoggtx5rxem, primary]
2016-12-01 22:13:22|INFO |HHH000261: Table found: webservicetaskmanager.goal
2016-12-01 22:13:22|INFO |HHH000037: Columns: [annotation, enddate, user_id, name, id, state, startdate]
2016-12-01 22:13:22|INFO |HHH000108: Foreign keys: [fk_7b7j83l6dquot72lsg25y8323]
2016-12-01 22:13:22|INFO |HHH000126: Indexes: [fk_7b7j83l6dquot72lsg25y8323, primary]
2016-12-01 22:13:22|INFO |HHH000261: Table found: webservicetaskmanager.item_goal_plan
2016-12-01 22:13:22|INFO |HHH000037: Columns: [end_date, anotation, goal_id, name, id, acount_id, start_date]
2016-12-01 22:13:22|INFO |HHH000108: Foreign keys: [fk_bfacaqha2kfjqrwg6o08m8mre, fk_b4gdxpqap53w6ngdxwru48ahh]
2016-12-01 22:13:22|INFO |HHH000126: Indexes: [fk_bfacaqha2kfjqrwg6o08m8mre, fk_b4gdxpqap53w6ngdxwru48ahh, primary]
2016-12-01 22:13:22|INFO |HHH000261: Table found: webservicetaskmanager.item_plan_to_day
2016-12-01 22:13:22|INFO |HHH000037: Columns: [anotation, plan_to_day_id, time_notifice, name, item_goal_plan_id, id, status]
2016-12-01 22:13:22|INFO |HHH000108: Foreign keys: [fk_5sce36yuykcr4gdv33elbovvs, fk_heohxmesm3ou68j85wfla5xtn]
2016-12-01 22:13:22|INFO |HHH000126: Indexes: [fk_5sce36yuykcr4gdv33elbovvs, fk_heohxmesm3ou68j85wfla5xtn, primary]
2016-12-01 22:13:22|INFO |HHH000261: Table found: webservicetaskmanager.plan_to_day
2016-12-01 22:13:22|INFO |HHH000037: Columns: [date, user_id, id]
2016-12-01 22:13:22|INFO |HHH000108: Foreign keys: [fk_2fcaxdfpxb6300y9b0sqmyf4h]
2016-12-01 22:13:22|INFO |HHH000126: Indexes: [fk_2fcaxdfpxb6300y9b0sqmyf4h, primary]
2016-12-01 22:13:22|INFO |HHH000232: Schema update complete
2016-12-01 22:13:23|INFO |responce|0:0:0:0:0:0:0:1|<responce><authorization><sessionId>c03c5b3e7de9190a97adc1517d4483d4</sessionId></authorization></responce>
2016-12-01 22:13:23|INFO |responce|0:0:0:0:0:0:0:1|<responce><authorization><sessionId>ff5559aaaa504f23cdffb52db7c2e880</sessionId></authorization></responce>
2016-12-01 22:13:23|INFO |request |0:0:0:0:0:0:0:1|<request><userState><sessionId>ff5559aaaa504f23cdffb52db7c2e880</sessionId></userState></request>
2016-12-01 22:13:23|INFO |responce|0:0:0:0:0:0:0:1|<responce><userState><login>Yuri</login><dataRegistration>30.11.2016</dataRegistration><warnings><warning><content>????????? ????????????, ??? ????????? ? ??????????? ?????????? ?????????????? ????????. ?????? ??????????????? ??????????? ???? ???????? ??????.</content><title>????????????? ????????? ??????.</title></warning></warnings><countMessage>2</countMessage></userState></responce>
2016-12-01 22:13:23|INFO |request |0:0:0:0:0:0:0:1|<request><palnToDay><sessionId>ff5559aaaa504f23cdffb52db7c2e880</sessionId></palnToDay></request>
2016-12-01 22:13:23|INFO |responce|0:0:0:0:0:0:0:1|<responce></responce>
2016-12-01 22:13:27|INFO |request |0:0:0:0:0:0:0:1|<request><userGoals><sessionId>ff5559aaaa504f23cdffb52db7c2e880</sessionId></userGoals></request>
2016-12-01 22:13:27|INFO |responce|0:0:0:0:0:0:0:1|<responce><userGoals><goal><id>10</id><name>My Goal 1</name><annotation>Annotation goal 1</annotation><beginDate>11/01/2016</beginDate><endDate>11/30/2016</endDate><state>?? ?????</state></goal><goal><id>11</id><name>jlk,</name><annotation>yiuonk;m</annotation><beginDate>11/09/2016</beginDate><endDate>11/23/2016</endDate><state>?? ?????</state></goal></userGoals></responce>
